2015-11-20 10:50:06,696 INFO  [org.jboss.modules] (main) JBoss Modules version 1.3.3.Final
2015-11-20 10:50:06,878 INFO  [org.jboss.msc] (main) JBoss MSC version 1.2.2.Final
2015-11-20 10:50:06,941 INFO  [org.jboss.as] (MSC service thread 1-5) JBAS015899: WildFly 8.2.1.Final "Tweek" starting
2015-11-20 10:50:06,946 DEBUG [org.jboss.as.config] (MSC service thread 1-5) Configured system properties:
	awt.toolkit = sun.awt.X11.XToolkit
	file.encoding = UTF-8
	file.encoding.pkg = sun.io
	file.separator = /
	java.awt.graphicsenv = sun.awt.X11GraphicsEnvironment
	java.awt.headless = true
	java.awt.printerjob = sun.print.PSPrinterJob
	java.class.path = /home/ikito/Documents/Projet_NodeAngularJEE/JEE_Eclipse/wildfly-8.2.1.Final/jboss-modules.jar
	java.class.version = 51.0
	java.endorsed.dirs = /usr/lib/jvm/java-7-openjdk-amd64/jre/lib/endorsed
	java.ext.dirs = /usr/lib/jvm/java-7-openjdk-amd64/jre/lib/ext:/usr/java/packages/lib/ext
	java.home = /usr/lib/jvm/java-7-openjdk-amd64/jre
	java.io.tmpdir = /tmp
	java.library.path = /usr/java/packages/lib/amd64:/usr/lib/x86_64-linux-gnu/jni:/lib/x86_64-linux-gnu:/usr/lib/x86_64-linux-gnu:/usr/lib/jni:/lib:/usr/lib
	java.net.preferIPv4Stack = true
	java.runtime.name = OpenJDK Runtime Environment
	java.runtime.version = 1.7.0_85-b01
	java.specification.name = Java Platform API Specification
	java.specification.vendor = Oracle Corporation
	java.specification.version = 1.7
	java.util.logging.manager = org.jboss.logmanager.LogManager
	java.vendor = Oracle Corporation
	java.vendor.url = http://java.oracle.com/
	java.vendor.url.bug = http://bugreport.sun.com/bugreport/
	java.version = 1.7.0_85
	java.vm.info = mixed mode
	java.vm.name = OpenJDK 64-Bit Server VM
	java.vm.specification.name = Java Virtual Machine Specification
	java.vm.specification.vendor = Oracle Corporation
	java.vm.specification.version = 1.7
	java.vm.vendor = Oracle Corporation
	java.vm.version = 24.85-b03
	javax.management.builder.initial = org.jboss.as.jmx.PluggableMBeanServerBuilder
	javax.xml.datatype.DatatypeFactory = __redirected.__DatatypeFactory
	javax.xml.parsers.DocumentBuilderFactory = __redirected.__DocumentBuilderFactory
	javax.xml.parsers.SAXParserFactory = __redirected.__SAXParserFactory
	javax.xml.stream.XMLEventFactory = __redirected.__XMLEventFactory
	javax.xml.stream.XMLInputFactory = __redirected.__XMLInputFactory
	javax.xml.stream.XMLOutputFactory = __redirected.__XMLOutputFactory
	javax.xml.transform.TransformerFactory = __redirected.__TransformerFactory
	javax.xml.validation.SchemaFactory:http://www.w3.org/2001/XMLSchema = __redirected.__SchemaFactory
	javax.xml.xpath.XPathFactory:http://java.sun.com/jaxp/xpath/dom = __redirected.__XPathFactory
	jboss.bind.address = localhost
	jboss.bind.address.management = localhost
	jboss.home.dir = /home/ikito/Documents/Projet_NodeAngularJEE/JEE_Eclipse/wildfly-8.2.1.Final
	jboss.host.name = ikito-g551jw
	jboss.modules.dir = /home/ikito/Documents/Projet_NodeAngularJEE/JEE_Eclipse/wildfly-8.2.1.Final/modules
	jboss.modules.system.pkgs = org.jboss.byteman
	jboss.node.name = ikito-g551jw
	jboss.qualified.host.name = ikito-g551jw
	jboss.server.base.dir = /home/ikito/Documents/Projet_NodeAngularJEE/JEE_Eclipse/wildfly-8.2.1.Final/standalone
	jboss.server.config.dir = /home/ikito/Documents/Projet_NodeAngularJEE/JEE_Eclipse/wildfly-8.2.1.Final/standalone/configuration
	jboss.server.data.dir = /home/ikito/Documents/Projet_NodeAngularJEE/JEE_Eclipse/wildfly-8.2.1.Final/standalone/data
	jboss.server.deploy.dir = /home/ikito/Documents/Projet_NodeAngularJEE/JEE_Eclipse/wildfly-8.2.1.Final/standalone/data/content
	jboss.server.log.dir = /home/ikito/Documents/Projet_NodeAngularJEE/JEE_Eclipse/wildfly-8.2.1.Final/standalone/log
	jboss.server.name = ikito-g551jw
	jboss.server.persist.config = true
	jboss.server.temp.dir = /home/ikito/Documents/Projet_NodeAngularJEE/JEE_Eclipse/wildfly-8.2.1.Final/standalone/tmp
	line.separator = 

	logging.configuration = file:/home/ikito/Documents/Projet_NodeAngularJEE/JEE_Eclipse/wildfly-8.2.1.Final/standalone/configuration/logging.properties
	module.path = /home/ikito/Documents/Projet_NodeAngularJEE/JEE_Eclipse/wildfly-8.2.1.Final/modules
	org.jboss.boot.log.file = /home/ikito/Documents/Projet_NodeAngularJEE/JEE_Eclipse/wildfly-8.2.1.Final/standalone/log/boot.log
	org.jboss.logmanager.nocolor = true
	org.jboss.resolver.warning = true
	org.xml.sax.driver = __redirected.__XMLReaderFactory
	os.arch = amd64
	os.name = Linux
	os.version = 3.19.0-33-generic
	path.separator = :
	program.name = JBossTools: WildFly 8.x
	sun.arch.data.model = 64
	sun.boot.class.path = /usr/lib/jvm/java-7-openjdk-amd64/jre/lib/resources.jar:/usr/lib/jvm/java-7-openjdk-amd64/jre/lib/rt.jar:/usr/lib/jvm/java-7-openjdk-amd64/jre/lib/sunrsasign.jar:/usr/lib/jvm/java-7-openjdk-amd64/jre/lib/jsse.jar:/usr/lib/jvm/java-7-openjdk-amd64/jre/lib/jce.jar:/usr/lib/jvm/java-7-openjdk-amd64/jre/lib/charsets.jar:/usr/lib/jvm/java-7-openjdk-amd64/jre/lib/rhino.jar:/usr/lib/jvm/java-7-openjdk-amd64/jre/lib/jfr.jar:/usr/lib/jvm/java-7-openjdk-amd64/jre/classes
	sun.boot.library.path = /usr/lib/jvm/java-7-openjdk-amd64/jre/lib/amd64
	sun.cpu.endian = little
	sun.cpu.isalist = 
	sun.desktop = gnome
	sun.io.unicode.encoding = UnicodeLittle
	sun.java.command = org.jboss.modules.Main -mp /home/ikito/Documents/Projet_NodeAngularJEE/JEE_Eclipse/wildfly-8.2.1.Final/modules -jaxpmodule javax.xml.jaxp-provider org.jboss.as.standalone -b localhost --server-config=standalone.xml -Djboss.server.base.dir=/home/ikito/Documents/Projet_NodeAngularJEE/JEE_Eclipse/wildfly-8.2.1.Final/standalone
	sun.java.launcher = SUN_STANDARD
	sun.jnu.encoding = UTF-8
	sun.management.compiler = HotSpot 64-Bit Tiered Compilers
	sun.os.patch.level = unknown
	sun.rmi.dgc.client.gcInterval = 3600000
	sun.rmi.dgc.server.gcInterval = 3600000
	user.country = US
	user.dir = /home/ikito/Documents/Projet_NodeAngularJEE/JEE_Eclipse/wildfly-8.2.1.Final/bin
	user.home = /home/ikito
	user.language = en
	user.name = ikito
	user.timezone = Europe/Paris
2015-11-20 10:50:06,948 DEBUG [org.jboss.as.config] (MSC service thread 1-5) VM Arguments: -Dprogram.name=JBossTools: WildFly 8.x -Xms64m -Xmx512m -XX:MaxPermSize=256m -Dorg.jboss.resolver.warning=true -Djava.net.preferIPv4Stack=true -Dsun.rmi.dgc.client.gcInterval=3600000 -Dsun.rmi.dgc.server.gcInterval=3600000 -Djboss.modules.system.pkgs=org.jboss.byteman -Djava.awt.headless=true -Dorg.jboss.boot.log.file=/home/ikito/Documents/Projet_NodeAngularJEE/JEE_Eclipse/wildfly-8.2.1.Final/standalone/log/boot.log -Dlogging.configuration=file:/home/ikito/Documents/Projet_NodeAngularJEE/JEE_Eclipse/wildfly-8.2.1.Final/standalone/configuration/logging.properties -Djboss.home.dir=/home/ikito/Documents/Projet_NodeAngularJEE/JEE_Eclipse/wildfly-8.2.1.Final -Dorg.jboss.logmanager.nocolor=true -Djboss.bind.address.management=localhost -Dfile.encoding=UTF-8 
2015-11-20 10:50:07,698 INFO  [org.jboss.as.server.deployment.scanner] (DeploymentScanner-threads - 1) JBAS015003: Found FrontAuthWatcherWebService.war in deployment directory. To trigger deployment create a file called FrontAuthWatcherWebService.war.dodeploy
2015-11-20 10:50:07,700 INFO  [org.jboss.as.server.deployment.scanner] (DeploymentScanner-threads - 1) JBAS015003: Found myEAR.ear in deployment directory. To trigger deployment create a file called myEAR.ear.dodeploy
2015-11-20 10:50:07,715 INFO  [org.jboss.as.server] (Controller Boot Thread) JBAS015888: Creating http management service using socket-binding (management-http)
2015-11-20 10:50:07,730 INFO  [org.xnio] (MSC service thread 1-11) XNIO version 3.3.0.Final
2015-11-20 10:50:07,739 INFO  [org.xnio.nio] (MSC service thread 1-11) XNIO NIO Implementation Version 3.3.0.Final
